app/manifest-merger-release-report.txt
-- Merging decision tree log ---
manifest
ADDED from AndroidManifest.xml:2:1
	package
		ADDED from AndroidManifest.xml:3:5
		INJECTED from AndroidManifest.xml:0:0
		INJECTED from AndroidManifest.xml:0:0
	android:versionName
		INJECTED from AndroidManifest.xml:0:0
		INJECTED from AndroidManifest.xml:0:0
	xmlns:android
		ADDED from AndroidManifest.xml:2:11
	android:versionCode
		INJECTED from AndroidManifest.xml:0:0
		INJECTED from AndroidManifest.xml:0:0
uses-permission#android.permission.INTERNET
ADDED from AndroidManifest.xml:5:5
	android:name
		ADDED from AndroidManifest.xml:5:22
uses-permission#android.permission.ACCESS_NETWORK_STATE
ADDED from AndroidManifest.xml:6:5
	android:name
		ADDED from AndroidManifest.xml:6:22
uses-permission#android.permission.WRITE_EXTERNAL_STORAGE
ADDED from AndroidManifest.xml:7:5
	android:name
		ADDED from AndroidManifest.xml:7:22
uses-permission#com.google.android.providers.gsf.permission.READ_GSERVICES
ADDED from AndroidManifest.xml:8:5
	android:name
		ADDED from AndroidManifest.xml:8:22
uses-feature#android.hardware.camera
ADDED from AndroidManifest.xml:10:5
MERGED from com.journeyapps:zxing-android-embedded:2.0.1:28:5
MERGED from com.journeyapps:zxing-android-legacy:2.0.1:29:5
	android:name
		ADDED from AndroidManifest.xml:10:19
uses-feature#android.hardware.camera.autofocus
ADDED from AndroidManifest.xml:11:5
MERGED from com.journeyapps:zxing-android-embedded:2.0.1:36:5
MERGED from com.journeyapps:zxing-android-legacy:2.0.1:37:5
	android:required
		ADDED from AndroidManifest.xml:13:9
	android:name
		ADDED from AndroidManifest.xml:12:9
uses-feature#android.hardware.touchscreen
ADDED from AndroidManifest.xml:14:5
	android:required
		ADDED from AndroidManifest.xml:16:9
	android:name
		ADDED from AndroidManifest.xml:15:9
uses-permission#android.permission.ACCESS_COARSE_LOCATION
ADDED from AndroidManifest.xml:21:5
	android:name
		ADDED from AndroidManifest.xml:21:22
uses-permission#android.permission.ACCESS_FINE_LOCATION
ADDED from AndroidManifest.xml:22:5
	android:name
		ADDED from AndroidManifest.xml:22:22
uses-permission#android.permission.CAMERA
ADDED from AndroidManifest.xml:23:5
MERGED from com.journeyapps:zxing-android-embedded:2.0.1:23:5
MERGED from com.journeyapps:zxing-android-legacy:2.0.1:24:5
	android:name
		ADDED from AndroidManifest.xml:23:22
uses-permission#android.permission.VIBRATE
ADDED from AndroidManifest.xml:24:5
MERGED from com.journeyapps:zxing-android-embedded:2.0.1:24:5
MERGED from com.journeyapps:zxing-android-legacy:2.0.1:25:5
	android:name
		ADDED from AndroidManifest.xml:24:22
uses-permission#android.permission.FLASHLIGHT
ADDED from AndroidManifest.xml:25:5
MERGED from com.journeyapps:zxing-android-embedded:2.0.1:25:5
MERGED from com.journeyapps:zxing-android-legacy:2.0.1:26:5
	android:name
		ADDED from AndroidManifest.xml:25:22
uses-permission#android.permission.READ_CONTACTS
ADDED from AndroidManifest.xml:26:5
	android:name
		ADDED from AndroidManifest.xml:26:22
uses-permission#com.android.browser.permission.READ_HISTORY_BOOKMARKS
ADDED from AndroidManifest.xml:27:5
	android:name
		ADDED from AndroidManifest.xml:27:22
uses-permission#android.permission.CHANGE_WIFI_STATE
ADDED from AndroidManifest.xml:28:5
	android:name
		ADDED from AndroidManifest.xml:28:22
uses-permission#android.permission.ACCESS_WIFI_STATE
ADDED from AndroidManifest.xml:29:5
	android:name
		ADDED from AndroidManifest.xml:29:22
uses-feature#0x00020000
ADDED from AndroidManifest.xml:33:5
	android:glEsVersion
		ADDED from AndroidManifest.xml:34:9
	android:required
		ADDED from AndroidManifest.xml:35:9
application
ADDED from AndroidManifest.xml:37:5
MERGED from com.google.android.gms:play-services:6.5.87:20:5
MERGED from com.android.support:support-v4:21.0.3:16:5
MERGED from com.android.support:appcompat-v7:21.0.3:16:5
MERGED from com.android.support:support-v4:21.0.3:16:5
MERGED from com.journeyapps:zxing-android-embedded:2.0.1:59:5
MERGED from com.journeyapps:zxing-android-legacy:2.0.1:60:5
MERGED from com.journeyapps:zxing-android-integration:2.0.1:9:5
MERGED from com.android.support:support-v4:21.0.3:16:5
	android:label
		ADDED from AndroidManifest.xml:40:9
	android:allowBackup
		ADDED from AndroidManifest.xml:38:9
	android:icon
		ADDED from AndroidManifest.xml:39:9
	android:theme
		ADDED from AndroidManifest.xml:41:9
meta-data#com.google.android.gms.version
ADDED from AndroidManifest.xml:42:9
MERGED from com.google.android.gms:play-services:6.5.87:21:9
	android:value
		ADDED from AndroidManifest.xml:44:13
	android:name
		ADDED from AndroidManifest.xml:43:13
meta-data#com.google.android.maps.v2.API_KEY
ADDED from AndroidManifest.xml:45:9
	android:value
		ADDED from AndroidManifest.xml:47:13
	android:name
		ADDED from AndroidManifest.xml:46:13
activity#com.raoul.theridge.MainActivity
ADDED from AndroidManifest.xml:49:9
	android:screenOrientation
		ADDED from AndroidManifest.xml:52:13
	android:label
		ADDED from AndroidManifest.xml:51:13
	android:theme
		ADDED from AndroidManifest.xml:53:13
	android:name
		ADDED from AndroidManifest.xml:50:13
intent-filter#android.intent.action.MAIN+android.intent.category.LAUNCHER
ADDED from AndroidManifest.xml:54:13
action#android.intent.action.MAIN
ADDED from AndroidManifest.xml:55:17
	android:name
		ADDED from AndroidManifest.xml:55:25
category#android.intent.category.LAUNCHER
ADDED from AndroidManifest.xml:57:17
	android:name
		ADDED from AndroidManifest.xml:57:27
activity#com.raoul.theridge.MapsActivity
ADDED from AndroidManifest.xml:60:9
	android:label
		ADDED from AndroidManifest.xml:62:13
	android:theme
		ADDED from AndroidManifest.xml:63:13
	android:name
		ADDED from AndroidManifest.xml:61:13
activity#com.raoul.theridge.BarcodeReaderActivity
ADDED from AndroidManifest.xml:65:9
	android:label
		ADDED from AndroidManifest.xml:67:13
	android:theme
		ADDED from AndroidManifest.xml:68:13
	android:name
		ADDED from AndroidManifest.xml:66:13
activity#com.raoul.theridge.BarcodeGeneratorActivity
ADDED from AndroidManifest.xml:70:9
	android:label
		ADDED from AndroidManifest.xml:72:13
	android:theme
		ADDED from AndroidManifest.xml:73:13
	android:name
		ADDED from AndroidManifest.xml:71:13
activity#com.raoul.theridge.WeathersampleActivity
ADDED from AndroidManifest.xml:75:9
	android:label
		ADDED from AndroidManifest.xml:77:13
	android:theme
		ADDED from AndroidManifest.xml:78:13
	android:name
		ADDED from AndroidManifest.xml:76:13
activity#com.raoul.theridge.CaptureActivity
ADDED from AndroidManifest.xml:80:9
	android:clearTaskOnLaunch
		ADDED from AndroidManifest.xml:82:13
	android:screenOrientation
		ADDED from AndroidManifest.xml:85:13
	android:label
		ADDED from AndroidManifest.xml:84:13
	android:stateNotNeeded
		ADDED from AndroidManifest.xml:86:13
	android:windowSoftInputMode
		ADDED from AndroidManifest.xml:88:13
	android:configChanges
		ADDED from AndroidManifest.xml:83:13
	android:theme
		ADDED from AndroidManifest.xml:87:13
	android:name
		ADDED from AndroidManifest.xml:81:13
activity#com.raoul.theridge.DecoderActivity
ADDED from AndroidManifest.xml:90:9
	android:clearTaskOnLaunch
		ADDED from AndroidManifest.xml:92:13
	android:screenOrientation
		ADDED from AndroidManifest.xml:95:13
	android:label
		ADDED from AndroidManifest.xml:94:13
	android:stateNotNeeded
		ADDED from AndroidManifest.xml:96:13
	android:windowSoftInputMode
		ADDED from AndroidManifest.xml:98:13
	android:configChanges
		ADDED from AndroidManifest.xml:93:13
	android:theme
		ADDED from AndroidManifest.xml:97:13
	android:name
		ADDED from AndroidManifest.xml:91:13
activity#com.raoul.theridge.EncoderActivity
ADDED from AndroidManifest.xml:100:9
	android:clearTaskOnLaunch
		ADDED from AndroidManifest.xml:102:13
	android:label
		ADDED from AndroidManifest.xml:104:13
	android:windowSoftInputMode
		ADDED from AndroidManifest.xml:106:13
	android:configChanges
		ADDED from AndroidManifest.xml:103:13
	android:theme
		ADDED from AndroidManifest.xml:105:13
	android:name
		ADDED from AndroidManifest.xml:101:13
activity#com.raoul.theridge.ControlActivity
ADDED from AndroidManifest.xml:109:9
	android:label
		ADDED from AndroidManifest.xml:111:13
	android:name
		ADDED from AndroidManifest.xml:110:13
activity#com.google.android.gms.ads.AdActivity
ADDED from AndroidManifest.xml:115:9
	android:configChanges
		ADDED from AndroidManifest.xml:116:13
	android:theme
		ADDED from AndroidManifest.xml:117:13
	android:name
		ADDED from AndroidManifest.xml:115:19
uses-sdk
INJECTED from AndroidManifest.xml:0:0 reason: use-sdk injection requested
MERGED from com.google.android.gms:play-services:6.5.87:18:5
MERGED from com.android.support:support-v4:21.0.3:15:5
MERGED from com.android.support:appcompat-v7:21.0.3:15:5
MERGED from com.android.support:support-v4:21.0.3:15:5
MERGED from com.journeyapps:zxing-android-embedded:2.0.1:19:5
MERGED from com.journeyapps:zxing-android-legacy:2.0.1:20:5
MERGED from com.journeyapps:zxing-android-integration:2.0.1:5:5
MERGED from com.android.support:support-v4:21.0.3:15:5
	android:targetSdkVersion
		INJECTED from AndroidManifest.xml:0:0
		INJECTED from AndroidManifest.xml:0:0
	android:minSdkVersion
		INJECTED from AndroidManifest.xml:0:0
		INJECTED from AndroidManifest.xml:0:0
uses-feature#android.hardware.camera.front
ADDED from com.journeyapps:zxing-android-embedded:2.0.1:31:5
MERGED from com.journeyapps:zxing-android-legacy:2.0.1:32:5
	android:required
		ADDED from com.journeyapps:zxing-android-embedded:2.0.1:33:9
	android:name
		ADDED from com.journeyapps:zxing-android-embedded:2.0.1:32:9
uses-feature#android.hardware.camera.flash
ADDED from com.journeyapps:zxing-android-embedded:2.0.1:39:5
MERGED from com.journeyapps:zxing-android-legacy:2.0.1:40:5
	android:required
		ADDED from com.journeyapps:zxing-android-embedded:2.0.1:41:9
	android:name
		ADDED from com.journeyapps:zxing-android-embedded:2.0.1:40:9
uses-feature#android.hardware.screen.landscape
ADDED from com.journeyapps:zxing-android-embedded:2.0.1:42:5
MERGED from com.journeyapps:zxing-android-legacy:2.0.1:43:5
	android:required
		ADDED from com.journeyapps:zxing-android-embedded:2.0.1:44:9
	android:name
		ADDED from com.journeyapps:zxing-android-embedded:2.0.1:43:9
uses-feature#android.hardware.wifi
ADDED from com.journeyapps:zxing-android-embedded:2.0.1:45:5
MERGED from com.journeyapps:zxing-android-legacy:2.0.1:46:5
	android:required
		ADDED from com.journeyapps:zxing-android-embedded:2.0.1:47:9
	android:name
		ADDED from com.journeyapps:zxing-android-embedded:2.0.1:46:9
supports-screens
ADDED from com.journeyapps:zxing-android-embedded:2.0.1:52:5
MERGED from com.journeyapps:zxing-android-legacy:2.0.1:53:5
	android:largeScreens
		ADDED from com.journeyapps:zxing-android-embedded:2.0.1:54:9
	android:smallScreens
		ADDED from com.journeyapps:zxing-android-embedded:2.0.1:56:9
	android:normalScreens
		ADDED from com.journeyapps:zxing-android-embedded:2.0.1:55:9
	android:xlargeScreens
		ADDED from com.journeyapps:zxing-android-embedded:2.0.1:57:9
	android:anyDensity
		ADDED from com.journeyapps:zxing-android-embedded:2.0.1:53:9
activity#com.google.zxing.client.android.CaptureActivity
ADDED from com.journeyapps:zxing-android-embedded:2.0.1:60:9
	android:clearTaskOnLaunch
		ADDED from com.journeyapps:zxing-android-embedded:2.0.1:62:13
	android:screenOrientation
		ADDED from com.journeyapps:zxing-android-embedded:2.0.1:63:13
	android:stateNotNeeded
		ADDED from com.journeyapps:zxing-android-embedded:2.0.1:64:13
	android:windowSoftInputMode
		ADDED from com.journeyapps:zxing-android-embedded:2.0.1:66:13
	android:theme
		ADDED from com.journeyapps:zxing-android-embedded:2.0.1:65:13
	android:name
		ADDED from com.journeyapps:zxing-android-embedded:2.0.1:61:13
activity#com.google.zxing.client.android.HelpActivity
ADDED from com.journeyapps:zxing-android-embedded:2.0.1:67:9
	android:screenOrientation
		ADDED from com.journeyapps:zxing-android-embedded:2.0.1:70:13
	android:label
		ADDED from com.journeyapps:zxing-android-embedded:2.0.1:69:13
	android:stateNotNeeded
		ADDED from com.journeyapps:zxing-android-embedded:2.0.1:71:13
	android:name
		ADDED from com.journeyapps:zxing-android-embedded:2.0.1:68:13
activity#com.google.zxing.client.android.encode.EncodeActivity
ADDED from com.journeyapps:zxing-android-embedded:2.0.1:72:9
	android:screenOrientation
		ADDED from com.journeyapps:zxing-android-embedded:2.0.1:74:13
	android:name
		ADDED from com.journeyapps:zxing-android-embedded:2.0.1:73:13
activity#com.google.zxing.client.androidlegacy.CaptureActivity
ADDED from com.journeyapps:zxing-android-legacy:2.0.1:61:9
	android:clearTaskOnLaunch
		ADDED from com.journeyapps:zxing-android-legacy:2.0.1:63:13
	android:screenOrientation
		ADDED from com.journeyapps:zxing-android-legacy:2.0.1:65:13
	android:stateNotNeeded
		ADDED from com.journeyapps:zxing-android-legacy:2.0.1:66:13
	android:windowSoftInputMode
		ADDED from com.journeyapps:zxing-android-legacy:2.0.1:68:13
	android:configChanges
		ADDED from com.journeyapps:zxing-android-legacy:2.0.1:64:13
	android:theme
		ADDED from com.journeyapps:zxing-android-legacy:2.0.1:67:13
	android:name
		ADDED from com.journeyapps:zxing-android-legacy:2.0.1:62:13
activity#com.google.zxing.client.androidlegacy.HelpActivity
ADDED from com.journeyapps:zxing-android-legacy:2.0.1:69:9
	android:screenOrientation
		ADDED from com.journeyapps:zxing-android-legacy:2.0.1:71:13
	android:name
		ADDED from com.journeyapps:zxing-android-legacy:2.0.1:70:13
activity#com.google.zxing.client.androidlegacy.encode.EncodeActivity
ADDED from com.journeyapps:zxing-android-legacy:2.0.1:72:9
	android:screenOrientation
		ADDED from com.journeyapps:zxing-android-legacy:2.0.1:74:13
	android:name
		ADDED from com.journeyapps:zxing-android-legacy:2.0.1:73:13